{"/Users/harry/Desktop/School/HackReactor/Question/db/postgreSQL.js": {"path":"/Users/harry/Desktop/School/HackReactor/Question/db/postgreSQL.js","statementMap":{"0":{"start":{"line":1,"column":19},"end":{"line":1,"column":32}},"1":{"start":{"line":2,"column":15},"end":{"line":2,"column":32}},"2":{"start":{"line":3,"column":0},"end":{"line":3,"column":16}},"3":{"start":{"line":5,"column":15},"end":{"line":11,"column":2}},"4":{"start":{"line":13,"column":18},"end":{"line":59,"column":1}},"5":{"start":{"line":14,"column":2},"end":{"line":58,"column":3}},"6":{"start":{"line":15,"column":4},"end":{"line":15,"column":26}},"7":{"start":{"line":22,"column":4},"end":{"line":31,"column":8}},"8":{"start":{"line":34,"column":4},"end":{"line":44,"column":8}},"9":{"start":{"line":47,"column":4},"end":{"line":52,"column":8}},"10":{"start":{"line":54,"column":4},"end":{"line":54,"column":43}},"11":{"start":{"line":57,"column":4},"end":{"line":57,"column":58}},"12":{"start":{"line":61,"column":0},"end":{"line":61,"column":12}},"13":{"start":{"line":62,"column":0},"end":{"line":62,"column":36}}},"fnMap":{"0":{"name":"(anonymous_0)","decl":{"start":{"line":13,"column":18},"end":{"line":13,"column":19}},"loc":{"start":{"line":13,"column":30},"end":{"line":59,"column":1}},"line":13}},"branchMap":{},"s":{"0":1,"1":1,"2":1,"3":1,"4":1,"5":1,"6":1,"7":1,"8":1,"9":1,"10":1,"11":0,"12":1,"13":1},"f":{"0":1},"b":{},"_coverageSchema":"1a1c01bbd47fc00a2c39e90264f33305004495a9","hash":"326128cc82c82f9d2c0b13a33fdeb7da812c101d"}
,"/Users/harry/Desktop/School/HackReactor/Question/server/index.js": {"path":"/Users/harry/Desktop/School/HackReactor/Question/server/index.js","statementMap":{"0":{"start":{"line":1,"column":13},"end":{"line":1,"column":28}},"1":{"start":{"line":3,"column":16},"end":{"line":3,"column":34}},"2":{"start":{"line":5,"column":19},"end":{"line":5,"column":41}},"3":{"start":{"line":7,"column":12},"end":{"line":7,"column":21}},"4":{"start":{"line":8,"column":13},"end":{"line":8,"column":17}},"5":{"start":{"line":10,"column":11},"end":{"line":10,"column":48}},"6":{"start":{"line":13,"column":0},"end":{"line":13,"column":27}},"7":{"start":{"line":14,"column":0},"end":{"line":14,"column":24}},"8":{"start":{"line":15,"column":0},"end":{"line":15,"column":48}},"9":{"start":{"line":17,"column":0},"end":{"line":19,"column":2}},"10":{"start":{"line":18,"column":2},"end":{"line":18,"column":26}},"11":{"start":{"line":26,"column":0},"end":{"line":93,"column":2}},"12":{"start":{"line":28,"column":19},"end":{"line":28,"column":39}},"13":{"start":{"line":29,"column":13},"end":{"line":29,"column":32}},"14":{"start":{"line":30,"column":14},"end":{"line":30,"column":35}},"15":{"start":{"line":32,"column":4},"end":{"line":84,"column":3}},"16":{"start":{"line":85,"column":2},"end":{"line":92,"column":5}},"17":{"start":{"line":86,"column":4},"end":{"line":91,"column":5}},"18":{"start":{"line":87,"column":6},"end":{"line":87,"column":30}},"19":{"start":{"line":88,"column":6},"end":{"line":88,"column":77}},"20":{"start":{"line":90,"column":6},"end":{"line":90,"column":81}},"21":{"start":{"line":101,"column":0},"end":{"line":141,"column":2}},"22":{"start":{"line":103,"column":20},"end":{"line":103,"column":42}},"23":{"start":{"line":104,"column":13},"end":{"line":104,"column":32}},"24":{"start":{"line":105,"column":14},"end":{"line":105,"column":35}},"25":{"start":{"line":106,"column":20},"end":{"line":129,"column":3}},"26":{"start":{"line":131,"column":2},"end":{"line":138,"column":5}},"27":{"start":{"line":132,"column":4},"end":{"line":137,"column":5}},"28":{"start":{"line":133,"column":6},"end":{"line":133,"column":34}},"29":{"start":{"line":134,"column":6},"end":{"line":134,"column":69}},"30":{"start":{"line":136,"column":6},"end":{"line":136,"column":110}},"31":{"start":{"line":145,"column":0},"end":{"line":160,"column":2}},"32":{"start":{"line":147,"column":13},"end":{"line":147,"column":26}},"33":{"start":{"line":148,"column":13},"end":{"line":148,"column":26}},"34":{"start":{"line":149,"column":14},"end":{"line":149,"column":28}},"35":{"start":{"line":150,"column":19},"end":{"line":150,"column":38}},"36":{"start":{"line":151,"column":20},"end":{"line":151,"column":119}},"37":{"start":{"line":153,"column":2},"end":{"line":159,"column":5}},"38":{"start":{"line":154,"column":4},"end":{"line":158,"column":5}},"39":{"start":{"line":155,"column":6},"end":{"line":155,"column":72}},"40":{"start":{"line":157,"column":6},"end":{"line":157,"column":26}},"41":{"start":{"line":165,"column":0},"end":{"line":204,"column":2}},"42":{"start":{"line":167,"column":20},"end":{"line":167,"column":42}},"43":{"start":{"line":168,"column":13},"end":{"line":168,"column":26}},"44":{"start":{"line":169,"column":13},"end":{"line":169,"column":26}},"45":{"start":{"line":170,"column":14},"end":{"line":170,"column":28}},"46":{"start":{"line":171,"column":26},"end":{"line":171,"column":143}},"47":{"start":{"line":174,"column":2},"end":{"line":203,"column":5}},"48":{"start":{"line":175,"column":4},"end":{"line":202,"column":5}},"49":{"start":{"line":176,"column":6},"end":{"line":176,"column":71}},"50":{"start":{"line":178,"column":27},"end":{"line":178,"column":59}},"51":{"start":{"line":180,"column":6},"end":{"line":201,"column":9}},"52":{"start":{"line":181,"column":8},"end":{"line":200,"column":9}},"53":{"start":{"line":182,"column":10},"end":{"line":182,"column":73}},"54":{"start":{"line":185,"column":23},"end":{"line":185,"column":38}},"55":{"start":{"line":186,"column":10},"end":{"line":198,"column":11}},"56":{"start":{"line":187,"column":29},"end":{"line":187,"column":30}},"57":{"start":{"line":188,"column":12},"end":{"line":197,"column":13}},"58":{"start":{"line":188,"column":25},"end":{"line":188,"column":26}},"59":{"start":{"line":189,"column":33},"end":{"line":189,"column":42}},"60":{"start":{"line":190,"column":37},"end":{"line":190,"column":104}},"61":{"start":{"line":191,"column":14},"end":{"line":195,"column":17}},"62":{"start":{"line":192,"column":16},"end":{"line":194,"column":17}},"63":{"start":{"line":193,"column":18},"end":{"line":193,"column":81}},"64":{"start":{"line":196,"column":14},"end":{"line":196,"column":27}},"65":{"start":{"line":199,"column":10},"end":{"line":199,"column":30}},"66":{"start":{"line":210,"column":0},"end":{"line":222,"column":2}},"67":{"start":{"line":211,"column":20},"end":{"line":211,"column":42}},"68":{"start":{"line":213,"column":20},"end":{"line":213,"column":124}},"69":{"start":{"line":215,"column":2},"end":{"line":221,"column":5}},"70":{"start":{"line":216,"column":4},"end":{"line":220,"column":5}},"71":{"start":{"line":217,"column":6},"end":{"line":217,"column":79}},"72":{"start":{"line":219,"column":6},"end":{"line":219,"column":26}},"73":{"start":{"line":228,"column":0},"end":{"line":240,"column":2}},"74":{"start":{"line":230,"column":20},"end":{"line":230,"column":42}},"75":{"start":{"line":231,"column":20},"end":{"line":231,"column":92}},"76":{"start":{"line":233,"column":2},"end":{"line":239,"column":5}},"77":{"start":{"line":234,"column":4},"end":{"line":238,"column":5}},"78":{"start":{"line":235,"column":6},"end":{"line":235,"column":74}},"79":{"start":{"line":237,"column":6},"end":{"line":237,"column":26}},"80":{"start":{"line":246,"column":0},"end":{"line":258,"column":2}},"81":{"start":{"line":248,"column":18},"end":{"line":248,"column":38}},"82":{"start":{"line":249,"column":20},"end":{"line":249,"column":114}},"83":{"start":{"line":251,"column":2},"end":{"line":257,"column":5}},"84":{"start":{"line":252,"column":4},"end":{"line":256,"column":5}},"85":{"start":{"line":253,"column":6},"end":{"line":253,"column":77}},"86":{"start":{"line":255,"column":6},"end":{"line":255,"column":26}},"87":{"start":{"line":264,"column":0},"end":{"line":276,"column":2}},"88":{"start":{"line":266,"column":18},"end":{"line":266,"column":38}},"89":{"start":{"line":267,"column":20},"end":{"line":267,"column":86}},"90":{"start":{"line":269,"column":2},"end":{"line":275,"column":5}},"91":{"start":{"line":270,"column":4},"end":{"line":274,"column":5}},"92":{"start":{"line":271,"column":6},"end":{"line":271,"column":72}},"93":{"start":{"line":273,"column":6},"end":{"line":273,"column":26}},"94":{"start":{"line":278,"column":0},"end":{"line":280,"column":2}},"95":{"start":{"line":279,"column":2},"end":{"line":279,"column":55}},"96":{"start":{"line":282,"column":0},"end":{"line":282,"column":21}}},"fnMap":{"0":{"name":"(anonymous_0)","decl":{"start":{"line":17,"column":13},"end":{"line":17,"column":14}},"loc":{"start":{"line":17,"column":27},"end":{"line":19,"column":1}},"line":17},"1":{"name":"(anonymous_1)","decl":{"start":{"line":26,"column":25},"end":{"line":26,"column":26}},"loc":{"start":{"line":26,"column":39},"end":{"line":93,"column":1}},"line":26},"2":{"name":"(anonymous_2)","decl":{"start":{"line":85,"column":24},"end":{"line":85,"column":25}},"loc":{"start":{"line":85,"column":41},"end":{"line":92,"column":3}},"line":85},"3":{"name":"(anonymous_3)","decl":{"start":{"line":101,"column":46},"end":{"line":101,"column":47}},"loc":{"start":{"line":101,"column":60},"end":{"line":141,"column":1}},"line":101},"4":{"name":"(anonymous_4)","decl":{"start":{"line":131,"column":24},"end":{"line":131,"column":25}},"loc":{"start":{"line":131,"column":41},"end":{"line":138,"column":3}},"line":131},"5":{"name":"(anonymous_5)","decl":{"start":{"line":145,"column":26},"end":{"line":145,"column":27}},"loc":{"start":{"line":145,"column":40},"end":{"line":160,"column":1}},"line":145},"6":{"name":"(anonymous_6)","decl":{"start":{"line":153,"column":57},"end":{"line":153,"column":58}},"loc":{"start":{"line":153,"column":74},"end":{"line":159,"column":3}},"line":153},"7":{"name":"(anonymous_7)","decl":{"start":{"line":165,"column":47},"end":{"line":165,"column":48}},"loc":{"start":{"line":165,"column":61},"end":{"line":204,"column":1}},"line":165},"8":{"name":"(anonymous_8)","decl":{"start":{"line":174,"column":65},"end":{"line":174,"column":66}},"loc":{"start":{"line":174,"column":82},"end":{"line":203,"column":3}},"line":174},"9":{"name":"(anonymous_9)","decl":{"start":{"line":180,"column":84},"end":{"line":180,"column":85}},"loc":{"start":{"line":180,"column":101},"end":{"line":201,"column":7}},"line":180},"10":{"name":"(anonymous_10)","decl":{"start":{"line":191,"column":85},"end":{"line":191,"column":86}},"loc":{"start":{"line":191,"column":102},"end":{"line":195,"column":15}},"line":191},"11":{"name":"(anonymous_11)","decl":{"start":{"line":210,"column":46},"end":{"line":210,"column":47}},"loc":{"start":{"line":210,"column":60},"end":{"line":222,"column":1}},"line":210},"12":{"name":"(anonymous_12)","decl":{"start":{"line":215,"column":24},"end":{"line":215,"column":25}},"loc":{"start":{"line":215,"column":41},"end":{"line":221,"column":3}},"line":215},"13":{"name":"(anonymous_13)","decl":{"start":{"line":228,"column":45},"end":{"line":228,"column":46}},"loc":{"start":{"line":228,"column":59},"end":{"line":240,"column":1}},"line":228},"14":{"name":"(anonymous_14)","decl":{"start":{"line":233,"column":24},"end":{"line":233,"column":25}},"loc":{"start":{"line":233,"column":41},"end":{"line":239,"column":3}},"line":233},"15":{"name":"(anonymous_15)","decl":{"start":{"line":246,"column":42},"end":{"line":246,"column":43}},"loc":{"start":{"line":246,"column":56},"end":{"line":258,"column":1}},"line":246},"16":{"name":"(anonymous_16)","decl":{"start":{"line":251,"column":24},"end":{"line":251,"column":25}},"loc":{"start":{"line":251,"column":41},"end":{"line":257,"column":3}},"line":251},"17":{"name":"(anonymous_17)","decl":{"start":{"line":264,"column":41},"end":{"line":264,"column":42}},"loc":{"start":{"line":264,"column":55},"end":{"line":276,"column":1}},"line":264},"18":{"name":"(anonymous_18)","decl":{"start":{"line":269,"column":24},"end":{"line":269,"column":25}},"loc":{"start":{"line":269,"column":41},"end":{"line":275,"column":3}},"line":269},"19":{"name":"(anonymous_19)","decl":{"start":{"line":278,"column":17},"end":{"line":278,"column":18}},"loc":{"start":{"line":278,"column":23},"end":{"line":280,"column":1}},"line":278}},"branchMap":{"0":{"loc":{"start":{"line":29,"column":13},"end":{"line":29,"column":32}},"type":"binary-expr","locations":[{"start":{"line":29,"column":13},"end":{"line":29,"column":27}},{"start":{"line":29,"column":31},"end":{"line":29,"column":32}}],"line":29},"1":{"loc":{"start":{"line":30,"column":14},"end":{"line":30,"column":35}},"type":"binary-expr","locations":[{"start":{"line":30,"column":14},"end":{"line":30,"column":29}},{"start":{"line":30,"column":33},"end":{"line":30,"column":35}}],"line":30},"2":{"loc":{"start":{"line":86,"column":4},"end":{"line":91,"column":5}},"type":"if","locations":[{"start":{"line":86,"column":4},"end":{"line":91,"column":5}},{"start":{"line":89,"column":11},"end":{"line":91,"column":5}}],"line":86},"3":{"loc":{"start":{"line":104,"column":13},"end":{"line":104,"column":32}},"type":"binary-expr","locations":[{"start":{"line":104,"column":13},"end":{"line":104,"column":27}},{"start":{"line":104,"column":31},"end":{"line":104,"column":32}}],"line":104},"4":{"loc":{"start":{"line":105,"column":14},"end":{"line":105,"column":35}},"type":"binary-expr","locations":[{"start":{"line":105,"column":14},"end":{"line":105,"column":29}},{"start":{"line":105,"column":33},"end":{"line":105,"column":35}}],"line":105},"5":{"loc":{"start":{"line":132,"column":4},"end":{"line":137,"column":5}},"type":"if","locations":[{"start":{"line":132,"column":4},"end":{"line":137,"column":5}},{"start":{"line":135,"column":11},"end":{"line":137,"column":5}}],"line":132},"6":{"loc":{"start":{"line":154,"column":4},"end":{"line":158,"column":5}},"type":"if","locations":[{"start":{"line":154,"column":4},"end":{"line":158,"column":5}},{"start":{"line":156,"column":11},"end":{"line":158,"column":5}}],"line":154},"7":{"loc":{"start":{"line":175,"column":4},"end":{"line":202,"column":5}},"type":"if","locations":[{"start":{"line":175,"column":4},"end":{"line":202,"column":5}},{"start":{"line":177,"column":11},"end":{"line":202,"column":5}}],"line":175},"8":{"loc":{"start":{"line":181,"column":8},"end":{"line":200,"column":9}},"type":"if","locations":[{"start":{"line":181,"column":8},"end":{"line":200,"column":9}},{"start":{"line":183,"column":15},"end":{"line":200,"column":9}}],"line":181},"9":{"loc":{"start":{"line":186,"column":10},"end":{"line":198,"column":11}},"type":"if","locations":[{"start":{"line":186,"column":10},"end":{"line":198,"column":11}},{"start":{},"end":{}}],"line":186},"10":{"loc":{"start":{"line":192,"column":16},"end":{"line":194,"column":17}},"type":"if","locations":[{"start":{"line":192,"column":16},"end":{"line":194,"column":17}},{"start":{},"end":{}}],"line":192},"11":{"loc":{"start":{"line":216,"column":4},"end":{"line":220,"column":5}},"type":"if","locations":[{"start":{"line":216,"column":4},"end":{"line":220,"column":5}},{"start":{"line":218,"column":11},"end":{"line":220,"column":5}}],"line":216},"12":{"loc":{"start":{"line":234,"column":4},"end":{"line":238,"column":5}},"type":"if","locations":[{"start":{"line":234,"column":4},"end":{"line":238,"column":5}},{"start":{"line":236,"column":11},"end":{"line":238,"column":5}}],"line":234},"13":{"loc":{"start":{"line":252,"column":4},"end":{"line":256,"column":5}},"type":"if","locations":[{"start":{"line":252,"column":4},"end":{"line":256,"column":5}},{"start":{"line":254,"column":11},"end":{"line":256,"column":5}}],"line":252},"14":{"loc":{"start":{"line":270,"column":4},"end":{"line":274,"column":5}},"type":"if","locations":[{"start":{"line":270,"column":4},"end":{"line":274,"column":5}},{"start":{"line":272,"column":11},"end":{"line":274,"column":5}}],"line":270}},"s":{"0":1,"1":1,"2":1,"3":1,"4":1,"5":1,"6":1,"7":1,"8":1,"9":1,"10":1,"11":1,"12":0,"13":0,"14":0,"15":0,"16":0,"17":0,"18":0,"19":0,"20":0,"21":1,"22":1,"23":1,"24":1,"25":1,"26":1,"27":1,"28":0,"29":0,"30":1,"31":1,"32":0,"33":0,"34":0,"35":0,"36":0,"37":0,"38":0,"39":0,"40":0,"41":1,"42":0,"43":0,"44":0,"45":0,"46":0,"47":0,"48":0,"49":0,"50":0,"51":0,"52":0,"53":0,"54":0,"55":0,"56":0,"57":0,"58":0,"59":0,"60":0,"61":0,"62":0,"63":0,"64":0,"65":0,"66":1,"67":0,"68":0,"69":0,"70":0,"71":0,"72":0,"73":1,"74":0,"75":0,"76":0,"77":0,"78":0,"79":0,"80":1,"81":0,"82":0,"83":0,"84":0,"85":0,"86":0,"87":1,"88":0,"89":0,"90":0,"91":0,"92":0,"93":0,"94":1,"95":1,"96":1},"f":{"0":1,"1":0,"2":0,"3":1,"4":1,"5":0,"6":0,"7":0,"8":0,"9":0,"10":0,"11":0,"12":0,"13":0,"14":0,"15":0,"16":0,"17":0,"18":0,"19":1},"b":{"0":[0,0],"1":[0,0],"2":[0,0],"3":[1,1],"4":[1,1],"5":[0,1],"6":[0,0],"7":[0,0],"8":[0,0],"9":[0,0],"10":[0,0],"11":[0,0],"12":[0,0],"13":[0,0],"14":[0,0]},"_coverageSchema":"1a1c01bbd47fc00a2c39e90264f33305004495a9","hash":"84fffb9eba9b71b321375ec25b181457a3832ffc"}
}
