TN:
SF:db/postgreSQL.js
FN:13,(anonymous_0)
FNF:1
FNH:1
FNDA:1,(anonymous_0)
DA:1,1
DA:2,1
DA:3,1
DA:5,1
DA:13,1
DA:14,1
DA:15,1
DA:22,1
DA:34,1
DA:47,1
DA:54,1
DA:57,0
DA:61,1
DA:62,1
LF:14
LH:13
BRF:0
BRH:0
end_of_record
TN:
SF:server/index.js
FN:17,(anonymous_0)
FN:26,(anonymous_1)
FN:85,(anonymous_2)
FN:101,(anonymous_3)
FN:131,(anonymous_4)
FN:145,(anonymous_5)
FN:153,(anonymous_6)
FN:165,(anonymous_7)
FN:174,(anonymous_8)
FN:180,(anonymous_9)
FN:191,(anonymous_10)
FN:210,(anonymous_11)
FN:215,(anonymous_12)
FN:228,(anonymous_13)
FN:233,(anonymous_14)
FN:246,(anonymous_15)
FN:251,(anonymous_16)
FN:264,(anonymous_17)
FN:269,(anonymous_18)
FN:278,(anonymous_19)
FNF:20
FNH:4
FNDA:1,(anonymous_0)
FNDA:0,(anonymous_1)
FNDA:0,(anonymous_2)
FNDA:1,(anonymous_3)
FNDA:1,(anonymous_4)
FNDA:0,(anonymous_5)
FNDA:0,(anonymous_6)
FNDA:0,(anonymous_7)
FNDA:0,(anonymous_8)
FNDA:0,(anonymous_9)
FNDA:0,(anonymous_10)
FNDA:0,(anonymous_11)
FNDA:0,(anonymous_12)
FNDA:0,(anonymous_13)
FNDA:0,(anonymous_14)
FNDA:0,(anonymous_15)
FNDA:0,(anonymous_16)
FNDA:0,(anonymous_17)
FNDA:0,(anonymous_18)
FNDA:1,(anonymous_19)
DA:1,1
DA:3,1
DA:5,1
DA:7,1
DA:8,1
DA:10,1
DA:13,1
DA:14,1
DA:15,1
DA:17,1
DA:18,1
DA:26,1
DA:28,0
DA:29,0
DA:30,0
DA:32,0
DA:85,0
DA:86,0
DA:87,0
DA:88,0
DA:90,0
DA:101,1
DA:103,1
DA:104,1
DA:105,1
DA:106,1
DA:131,1
DA:132,1
DA:133,0
DA:134,0
DA:136,1
DA:145,1
DA:147,0
DA:148,0
DA:149,0
DA:150,0
DA:151,0
DA:153,0
DA:154,0
DA:155,0
DA:157,0
DA:165,1
DA:167,0
DA:168,0
DA:169,0
DA:170,0
DA:171,0
DA:174,0
DA:175,0
DA:176,0
DA:178,0
DA:180,0
DA:181,0
DA:182,0
DA:185,0
DA:186,0
DA:187,0
DA:188,0
DA:189,0
DA:190,0
DA:191,0
DA:192,0
DA:193,0
DA:196,0
DA:199,0
DA:210,1
DA:211,0
DA:213,0
DA:215,0
DA:216,0
DA:217,0
DA:219,0
DA:228,1
DA:230,0
DA:231,0
DA:233,0
DA:234,0
DA:235,0
DA:237,0
DA:246,1
DA:248,0
DA:249,0
DA:251,0
DA:252,0
DA:253,0
DA:255,0
DA:264,1
DA:266,0
DA:267,0
DA:269,0
DA:270,0
DA:271,0
DA:273,0
DA:278,1
DA:279,1
DA:282,1
LF:96
LH:29
BRDA:29,0,0,0
BRDA:29,0,1,0
BRDA:30,1,0,0
BRDA:30,1,1,0
BRDA:86,2,0,0
BRDA:86,2,1,0
BRDA:104,3,0,1
BRDA:104,3,1,1
BRDA:105,4,0,1
BRDA:105,4,1,1
BRDA:132,5,0,0
BRDA:132,5,1,1
BRDA:154,6,0,0
BRDA:154,6,1,0
BRDA:175,7,0,0
BRDA:175,7,1,0
BRDA:181,8,0,0
BRDA:181,8,1,0
BRDA:186,9,0,0
BRDA:186,9,1,0
BRDA:192,10,0,0
BRDA:192,10,1,0
BRDA:216,11,0,0
BRDA:216,11,1,0
BRDA:234,12,0,0
BRDA:234,12,1,0
BRDA:252,13,0,0
BRDA:252,13,1,0
BRDA:270,14,0,0
BRDA:270,14,1,0
BRF:30
BRH:5
end_of_record
